[01-Dec-2021 13:54:32 UTC] PHP Warning:  require(../db/dbConfig.php): failed to open stream: No such file or directory in /home/jkrudde/public_html/examen-project/actions/update-gegevens.php on line 3
[01-Dec-2021 13:54:32 UTC] PHP Fatal error:  require(): Failed opening required '../db/dbConfig.php' (include_path='.:/opt/alt/php74/usr/share/pear') in /home/jkrudde/public_html/examen-project/actions/update-gegevens.php on line 3
[01-Dec-2021 13:54:37 UTC] PHP Warning:  require(../db/dbConfig.php): failed to open stream: No such file or directory in /home/jkrudde/public_html/examen-project/actions/update-gegevens.php on line 3
[01-Dec-2021 13:54:37 UTC] PHP Fatal error:  require(): Failed opening required '../db/dbConfig.php' (include_path='.:/opt/alt/php74/usr/share/pear') in /home/jkrudde/public_html/examen-project/actions/update-gegevens.php on line 3
[01-Dec-2021 13:55:00 UTC] PHP Warning:  require(../db/dbConfig.php): failed to open stream: No such file or directory in /home/jkrudde/public_html/examen-project/actions/update-gegevens.php on line 3
[01-Dec-2021 13:55:00 UTC] PHP Fatal error:  require(): Failed opening required '../db/dbConfig.php' (include_path='.:/opt/alt/php74/usr/share/pear') in /home/jkrudde/public_html/examen-project/actions/update-gegevens.php on line 3
[01-Dec-2021 13:56:47 UTC] PHP Warning:  require(../db/dbConfig.php): failed to open stream: No such file or directory in /home/jkrudde/public_html/examen-project/actions/update-gegevens.php on line 3
[01-Dec-2021 13:56:47 UTC] PHP Fatal error:  require(): Failed opening required '../db/dbConfig.php' (include_path='.:/opt/alt/php74/usr/share/pear') in /home/jkrudde/public_html/examen-project/actions/update-gegevens.php on line 3
[01-Dec-2021 13:57:36 UTC] PHP Warning:  require(../db/dbConfig.php): failed to open stream: No such file or directory in /home/jkrudde/public_html/examen-project/actions/update-gegevens.php on line 3
[01-Dec-2021 13:57:36 UTC] PHP Fatal error:  require(): Failed opening required '../db/dbConfig.php' (include_path='.:/opt/alt/php74/usr/share/pear') in /home/jkrudde/public_html/examen-project/actions/update-gegevens.php on line 3
[01-Dec-2021 13:58:23 UTC] PHP Warning:  require(../db/dbConfig.php): failed to open stream: No such file or directory in /home/jkrudde/public_html/examen-project/actions/update-gegevens.php on line 3
[01-Dec-2021 13:58:23 UTC] PHP Fatal error:  require(): Failed opening required '../db/dbConfig.php' (include_path='.:/opt/alt/php74/usr/share/pear') in /home/jkrudde/public_html/examen-project/actions/update-gegevens.php on line 3
[01-Dec-2021 13:59:28 UTC] PHP Notice:  Undefined index: edit-naam in /home/jkrudde/public_html/examen-project/actions/update-gegevens.php on line 9
[01-Dec-2021 13:59:28 UTC] PHP Notice:  Undefined index: edit-tusv in /home/jkrudde/public_html/examen-project/actions/update-gegevens.php on line 10
[01-Dec-2021 13:59:28 UTC] PHP Notice:  Undefined index: edit-achternaam in /home/jkrudde/public_html/examen-project/actions/update-gegevens.php on line 11
[01-Dec-2021 13:59:28 UTC] PHP Notice:  Undefined index: edit-email in /home/jkrudde/public_html/examen-project/actions/update-gegevens.php on line 12
[01-Dec-2021 13:59:28 UTC] PHP Notice:  Undefined index: edit-tel in /home/jkrudde/public_html/examen-project/actions/update-gegevens.php on line 13
[01-Dec-2021 13:59:28 UTC] PHP Notice:  Undefined index: edit-password in /home/jkrudde/public_html/examen-project/actions/update-gegevens.php on line 14
[01-Dec-2021 14:07:10 UTC] PHP Warning:  require(../PHPMailer/src/Exception.php): failed to open stream: No such file or directory in /home/jkrudde/public_html/examen-project/actions/wachtwoordResetRequest.php on line 9
[01-Dec-2021 14:07:10 UTC] PHP Fatal error:  require(): Failed opening required '../PHPMailer/src/Exception.php' (include_path='.:/opt/alt/php74/usr/share/pear') in /home/jkrudde/public_html/examen-project/actions/wachtwoordResetRequest.php on line 9
[01-Dec-2021 14:07:55 UTC] PHP Warning:  require(../PHPMailer/src/Exception.php): failed to open stream: No such file or directory in /home/jkrudde/public_html/examen-project/actions/wachtwoordResetRequest.php on line 9
[01-Dec-2021 14:07:55 UTC] PHP Fatal error:  require(): Failed opening required '../PHPMailer/src/Exception.php' (include_path='.:/opt/alt/php74/usr/share/pear') in /home/jkrudde/public_html/examen-project/actions/wachtwoordResetRequest.php on line 9
[01-Dec-2021 14:09:12 UTC] PHP Warning:  require(../PHPMailer/src/Exception.php): failed to open stream: No such file or directory in /home/jkrudde/public_html/examen-project/actions/wachtwoordResetRequest.php on line 9
[01-Dec-2021 14:09:12 UTC] PHP Fatal error:  require(): Failed opening required '../PHPMailer/src/Exception.php' (include_path='.:/opt/alt/php74/usr/share/pear') in /home/jkrudde/public_html/examen-project/actions/wachtwoordResetRequest.php on line 9
[01-Dec-2021 14:10:23 UTC] PHP Warning:  require(../PHPMailer/src/Exception.php): failed to open stream: No such file or directory in /home/jkrudde/public_html/examen-project/actions/wachtwoordResetRequest.php on line 9
[01-Dec-2021 14:10:23 UTC] PHP Fatal error:  require(): Failed opening required '../PHPMailer/src/Exception.php' (include_path='.:/opt/alt/php74/usr/share/pear') in /home/jkrudde/public_html/examen-project/actions/wachtwoordResetRequest.php on line 9
[01-Dec-2021 14:10:58 UTC] PHP Warning:  require(../PHPMailer/src/Exception.php): failed to open stream: No such file or directory in /home/jkrudde/public_html/examen-project/actions/wachtwoordResetRequest.php on line 9
[01-Dec-2021 14:10:58 UTC] PHP Fatal error:  require(): Failed opening required '../PHPMailer/src/Exception.php' (include_path='.:/opt/alt/php74/usr/share/pear') in /home/jkrudde/public_html/examen-project/actions/wachtwoordResetRequest.php on line 9
[01-Dec-2021 14:12:56 UTC] PHP Warning:  require(../PHPMailer/src/Exception.php): failed to open stream: No such file or directory in /home/jkrudde/public_html/examen-project/actions/wachtwoordResetRequest.php on line 9
[01-Dec-2021 14:12:56 UTC] PHP Fatal error:  require(): Failed opening required '../PHPMailer/src/Exception.php' (include_path='.:/opt/alt/php74/usr/share/pear') in /home/jkrudde/public_html/examen-project/actions/wachtwoordResetRequest.php on line 9
[01-Dec-2021 14:20:53 UTC] PHP Warning:  require(../PHPMailer/src/Exception.php): failed to open stream: No such file or directory in /home/jkrudde/public_html/examen-project/actions/wachtwoordResetRequest.php on line 9
[01-Dec-2021 14:20:53 UTC] PHP Fatal error:  require(): Failed opening required '../PHPMailer/src/Exception.php' (include_path='.:/opt/alt/php74/usr/share/pear') in /home/jkrudde/public_html/examen-project/actions/wachtwoordResetRequest.php on line 9
[01-Dec-2021 14:21:11 UTC] PHP Warning:  require(../PHPMailer/src/Exception.php): failed to open stream: No such file or directory in /home/jkrudde/public_html/examen-project/actions/wachtwoordResetRequest.php on line 9
[01-Dec-2021 14:21:11 UTC] PHP Fatal error:  require(): Failed opening required '../PHPMailer/src/Exception.php' (include_path='.:/opt/alt/php74/usr/share/pear') in /home/jkrudde/public_html/examen-project/actions/wachtwoordResetRequest.php on line 9
[01-Dec-2021 14:22:20 UTC] PHP Warning:  require(../PHPMailer/src/Exception.php): failed to open stream: No such file or directory in /home/jkrudde/public_html/examen-project/actions/wachtwoordResetRequest.php on line 11
[01-Dec-2021 14:22:20 UTC] PHP Fatal error:  require(): Failed opening required '../PHPMailer/src/Exception.php' (include_path='.:/opt/alt/php74/usr/share/pear') in /home/jkrudde/public_html/examen-project/actions/wachtwoordResetRequest.php on line 11
[01-Dec-2021 14:23:43 UTC] PHP Warning:  require(../PHPMailer/src/Exception.php): Failed to open stream: No such file or directory in /home/jkrudde/public_html/examen-project/actions/wachtwoordResetRequest.php on line 11
[01-Dec-2021 14:23:43 UTC] PHP Fatal error:  Uncaught Error: Failed opening required '../PHPMailer/src/Exception.php' (include_path='.:/opt/alt/php80/usr/share/pear:/opt/alt/php80/usr/share/php:/usr/share/pear:/usr/share/php') in /home/jkrudde/public_html/examen-project/actions/wachtwoordResetRequest.php:11
Stack trace:
#0 {main}
  thrown in /home/jkrudde/public_html/examen-project/actions/wachtwoordResetRequest.php on line 11
[01-Dec-2021 14:26:17 UTC] PHP Fatal error:  Uncaught Error: Call to a member function prepare() on null in /home/jkrudde/public_html/examen-project/actions/wachtwoordResetRequest.php:20
Stack trace:
#0 {main}
  thrown in /home/jkrudde/public_html/examen-project/actions/wachtwoordResetRequest.php on line 20
[01-Dec-2021 14:27:54 UTC] PHP Fatal error:  Uncaught Error: Call to a member function prepare() on null in /home/jkrudde/public_html/examen-project/actions/wachtwoordResetRequest.php:20
Stack trace:
#0 {main}
  thrown in /home/jkrudde/public_html/examen-project/actions/wachtwoordResetRequest.php on line 20
[01-Dec-2021 14:28:42 UTC] PHP Fatal error:  Uncaught Error: Call to a member function prepare() on null in /home/jkrudde/public_html/examen-project/actions/wachtwoordResetRequest.php:20
Stack trace:
#0 {main}
  thrown in /home/jkrudde/public_html/examen-project/actions/wachtwoordResetRequest.php on line 20
[01-Dec-2021 14:32:04 UTC] PHP Fatal error:  Uncaught Error: Class "phpmmailer\phpmailer\phpmailer" not found in /home/jkrudde/public_html/examen-project/actions/wachtwoordResetRequest.php:38
Stack trace:
#0 {main}
  thrown in /home/jkrudde/public_html/examen-project/actions/wachtwoordResetRequest.php on line 38
[02-Dec-2021 08:22:52 UTC] PHP Fatal error:  Uncaught PDOException: SQLSTATE[HY093]: Invalid parameter number: number of bound variables does not match number of tokens in /home/jkrudde/public_html/examen-project/actions/inschrijven-toernooi.php:16
Stack trace:
#0 /home/jkrudde/public_html/examen-project/actions/inschrijven-toernooi.php(16): PDOStatement->execute()
#1 {main}
  thrown in /home/jkrudde/public_html/examen-project/actions/inschrijven-toernooi.php on line 16
[02-Dec-2021 09:26:36 UTC] PHP Fatal error:  Uncaught PDOException: SQLSTATE[HY093]: Invalid parameter number: number of bound variables does not match number of tokens in /home/jkrudde/public_html/examen-project/actions/inschrijven-toernooi.php:16
Stack trace:
#0 /home/jkrudde/public_html/examen-project/actions/inschrijven-toernooi.php(16): PDOStatement->execute()
#1 {main}
  thrown in /home/jkrudde/public_html/examen-project/actions/inschrijven-toernooi.php on line 16
